<?xml version="1.0" encoding="UTF-8"?>
<!-- Generated by org.testng.reporters.JUnitReportReporter -->
<testsuite hostname="DESKTOP-E6GEFDQ" failures="0" tests="1" name="scripts.testScenario1" time="4.834" errors="0" timestamp="2023-10-26T17:36:54 IST" skipped="0">
  <testcase classname="scripts.testScenario1" name="test3" time="4.834"/>
  <system-out/>
</testsuite> <!-- scripts.testScenario1 -->
